SQL> set echo on
SQL> 
SQL> select /* STS MY_TEST_QUERY 1 */ sum(b.n0),count(*)
  2  from  tab_corr1 a, tab_corr2 b
  3  where a.n1 = 1
  4  and   a.n2 = 1
  5  and   a.n1 = b.n1
  6  and   a.n2 = b.n2;

 SUM(B.N0)   COUNT(*)
---------- ----------
      1000       1000

1 row selected.

SQL> 
SQL> @@plan
SQL> set linesize 200
SQL> set trims on
SQL> set tab off
SQL> set pagesize 1000
SQL> column plan_table_output format a100
SQL> 
SQL> SELECT *
  2  FROM table(DBMS_XPLAN.DISPLAY_CURSOR(FORMAT=>'TYPICAL'));

PLAN_TABLE_OUTPUT
----------------------------------------------------------------------------------------------------
SQL_ID  7r5v99dj10k4b, child number 0
-------------------------------------
select /* STS MY_TEST_QUERY 1 */ sum(b.n0),count(*) from  tab_corr1 a,
tab_corr2 b where a.n1 = 1 and   a.n2 = 1 and   a.n1 = b.n1 and   a.n2
= b.n2

Plan hash value: 3486445757

---------------------------------------------------------------------------------
| Id  | Operation           | Name      | Rows  | Bytes | Cost (%CPU)| Time     |
---------------------------------------------------------------------------------
|   0 | SELECT STATEMENT    |           |       |       |    18 (100)|          |
|   1 |  SORT AGGREGATE     |           |     1 |    18 |            |          |
|*  2 |   HASH JOIN         |           |     1 |    18 |    18   (0)| 00:00:01 |
|*  3 |    TABLE ACCESS FULL| TAB_CORR2 |     1 |    12 |     9   (0)| 00:00:01 |
|*  4 |    TABLE ACCESS FULL| TAB_CORR1 |   100 |   600 |     9   (0)| 00:00:01 |
---------------------------------------------------------------------------------

Predicate Information (identified by operation id):
---------------------------------------------------

   2 - access("A"."N1"="B"."N1" AND "A"."N2"="B"."N2")
   3 - filter(("B"."N1"=1 AND "B"."N2"=1))
   4 - filter(("A"."N1"=1 AND "A"."N2"=1))


25 rows selected.

SQL> 
SQL> select /* STS MY_TEST_QUERY 2 */ sum(b.n0),count(*)
  2  from  tab_corr2 b
  3  where b.n1 = 2
  4  and   b.n2 = 2;

 SUM(B.N0)   COUNT(*)
---------- ----------
         2          1

1 row selected.

SQL> 
SQL> @@plan
SQL> set linesize 200
SQL> set trims on
SQL> set tab off
SQL> set pagesize 1000
SQL> column plan_table_output format a100
SQL> 
SQL> SELECT *
  2  FROM table(DBMS_XPLAN.DISPLAY_CURSOR(FORMAT=>'TYPICAL'));

PLAN_TABLE_OUTPUT
----------------------------------------------------------------------------------------------------
SQL_ID  8v02x1d6p5sdq, child number 0
-------------------------------------
select /* STS MY_TEST_QUERY 2 */ sum(b.n0),count(*) from  tab_corr2 b
where b.n1 = 2 and   b.n2 = 2

Plan hash value: 2752835221

--------------------------------------------------------------------------------
| Id  | Operation          | Name      | Rows  | Bytes | Cost (%CPU)| Time     |
--------------------------------------------------------------------------------
|   0 | SELECT STATEMENT   |           |       |       |     9 (100)|          |
|   1 |  SORT AGGREGATE    |           |     1 |    12 |            |          |
|*  2 |   TABLE ACCESS FULL| TAB_CORR2 |     1 |    12 |     9   (0)| 00:00:01 |
--------------------------------------------------------------------------------

Predicate Information (identified by operation id):
---------------------------------------------------

   2 - filter(("B"."N1"=2 AND "B"."N2"=2))


20 rows selected.

SQL> 
SQL> spool off
